<?xml version="1.0" encoding="UTF-8"?>
<testsuite name="com.arthenica.mobileffmpeg.ConfigTest" tests="2" skipped="0" failures="0" errors="0" timestamp="2020-06-15T16:15:22" hostname="SPSE-Lubuntu" time="0.002">
  <properties/>
  <testcase name="getPackageName" classname="com.arthenica.mobileffmpeg.ConfigTest" time="0.001"/>
  <testcase name="getExternalLibraries" classname="com.arthenica.mobileffmpeg.ConfigTest" time="0.001"/>
  <system-out><![CDATA[]]></system-out>
  <system-err><![CDATA[]]></system-err>
</testsuite>
